==> sysu_LWPA_lr_all_single
==> Building model..
==> Resuming from checkpoint..
==> loading checkpoint sysu_id_bn_relu_drop_0.0_lr_1.0e-02_dim_512_whc_0.5_thd_0_pimg_8_ds_l2_md_all_resnet50_best.t
==> loaded checkpoint sysu_id_bn_relu_drop_0.0_lr_1.0e-02_dim_512_whc_0.5_thd_0_pimg_8_ds_l2_md_all_resnet50_best.t (epoch 46)
==> Loading data..
Dataset statistics:
  ------------------------------
  subset   | # ids | # images
  ------------------------------
  query    |    96 |     3803
  gallery  |    96 |      301
  ------------------------------
Data Loading Time:	 18.222
Extracting Query Feature...
Extracting Time:	 14.948
tensor([[-0.7031, -0.8831, -1.2672,  ..., -1.3990,  0.6377,  1.1598]],
       dtype=torch.float64)
21.0
Extracting Gallery Feature...
Extracting Time:	 2.935
Test Trial: 0
FC: top-1: 62.92% | top-5: 87.59% | top-10: 94.27%| top-20: 97.50%
mAP: 60.27%
POOL5: top-1: 46.83% | top-5: 75.94% | top-10: 86.64%| top-20: 94.40%
mAP: 42.89%
Extracting Gallery Feature...
Extracting Time:	 1.273
Test Trial: 1
FC: top-1: 62.79% | top-5: 87.35% | top-10: 93.85%| top-20: 98.21%
mAP: 60.66%
POOL5: top-1: 45.33% | top-5: 73.99% | top-10: 84.88%| top-20: 94.32%
mAP: 42.04%
Extracting Gallery Feature...
Extracting Time:	 1.185
Test Trial: 2
FC: top-1: 61.35% | top-5: 86.01% | top-10: 92.95%| top-20: 97.90%
mAP: 59.21%
POOL5: top-1: 47.75% | top-5: 76.97% | top-10: 85.83%| top-20: 93.03%
mAP: 43.26%
Extracting Gallery Feature...
Extracting Time:	 1.332
Test Trial: 3
FC: top-1: 61.85% | top-5: 87.93% | top-10: 95.06%| top-20: 98.63%
mAP: 60.16%
POOL5: top-1: 46.33% | top-5: 75.86% | top-10: 86.14%| top-20: 93.56%
mAP: 42.12%
Extracting Gallery Feature...
Extracting Time:	 1.283
Test Trial: 4
FC: top-1: 61.32% | top-5: 88.04% | top-10: 94.48%| top-20: 98.29%
mAP: 59.30%
POOL5: top-1: 45.75% | top-5: 75.15% | top-10: 86.72%| top-20: 94.82%
mAP: 41.05%
Extracting Gallery Feature...
Extracting Time:	 1.189
Test Trial: 5
FC: top-1: 59.69% | top-5: 86.62% | top-10: 93.69%| top-20: 97.95%
mAP: 57.91%
POOL5: top-1: 45.65% | top-5: 73.52% | top-10: 84.12%| top-20: 92.82%
mAP: 40.77%
Extracting Gallery Feature...
Extracting Time:	 1.319
Test Trial: 6
FC: top-1: 62.11% | top-5: 87.09% | top-10: 93.77%| top-20: 97.61%
mAP: 59.00%
POOL5: top-1: 47.78% | top-5: 75.94% | top-10: 87.22%| top-20: 93.74%
mAP: 42.37%
Extracting Gallery Feature...
Extracting Time:	 1.244
Test Trial: 7
FC: top-1: 61.50% | top-5: 88.06% | top-10: 94.87%| top-20: 98.50%
mAP: 60.16%
POOL5: top-1: 47.12% | top-5: 76.68% | top-10: 86.91%| top-20: 94.45%
mAP: 43.94%
Extracting Gallery Feature...
Extracting Time:	 1.187
Test Trial: 8
FC: top-1: 61.77% | top-5: 86.12% | top-10: 93.64%| top-20: 98.26%
mAP: 58.69%
POOL5: top-1: 46.02% | top-5: 75.23% | top-10: 85.33%| top-20: 93.35%
mAP: 41.75%
Extracting Gallery Feature...
Extracting Time:	 1.364
Test Trial: 9
FC: top-1: 61.40% | top-5: 86.41% | top-10: 93.27%| top-20: 97.84%
mAP: 57.31%
POOL5: top-1: 46.73% | top-5: 74.76% | top-10: 84.72%| top-20: 92.98%
mAP: 40.46%
All Average:
FC: top-1: 61.67% | top-5: 87.12% | top-10: 93.98%| top-20: 98.07%
mAP: 59.27%
POOL5: top-1: 46.53% | top-5: 75.40% | top-10: 85.85%| top-20: 93.75%
mAP: 42.07%
